
Config :

No. of partitions :  4
input_file :  /home/akash/analytics/aadhar_card//input/aadhaar_data.csv

18 - Summary :


+-------+------------------+-----------------+------------------+-------------------+-------------------+
|summary|aadhaar_generated |age              |email_id          |mobile_number      |rejected           |
+-------+------------------+-----------------+------------------+-------------------+-------------------+
|count  |1665947           |1665947          |1665947           |1665947            |1665947            |
|mean   |2.1495299670397676|33.76943264101439|0.8550296017820495|0.03391704538019517|0.21824043622035996|
|stddev |4.852843341993687 |19.54456189021791|2.184547179134131 |0.24290500939723597|0.9856906167429497 |
|min    |0                 |0                |0                 |0                  |0                  |
|max    |371               |189              |171               |32                 |419                |
+-------+------------------+-----------------+------------------+-------------------+-------------------+




19 - correlation between age and mobile_number


-0.0563486446194



20 - Unique pincodes : 


18011



21 - number of Aadhaar registrations rejected in UP and Maharashtra


+-------------+--------+
|state        |rejected|
+-------------+--------+
|Maharashtra  |45704   |
|Uttar Pradesh|24752   |
+-------------+--------+




